<?xml version="1.0" encoding="UTF-8"?>
<testng-results ignored="0" total="5" passed="5" failed="0" skipped="0">
  <reporter-output>
  </reporter-output>
  <suite started-at="2021-05-31T10:24:32 IST" name="DemoTestCase" finished-at="2021-05-31T10:24:57 IST" duration-ms="25087">
    <groups>
    </groups>
    <test started-at="2021-05-31T10:24:32 IST" name="LoginTestcases" finished-at="2021-05-31T10:24:57 IST" duration-ms="25087">
      <class name="QK1.TestCaseProject.TestCases.ValidLoginCredentialsTestcase">
        <test-method is-config="true" signature="Init(java.lang.String)[pri:0, instance:QK1.TestCaseProject.TestCases.ValidLoginCredentialsTestcase@78123e82]" started-at="2021-05-31T10:24:32 IST" name="Init" finished-at="2021-05-31T10:24:40 IST" duration-ms="7769" status="PASS">
          <params>
            <param index="0">
              <value>
                <![CDATA[CHROME]]>
              </value>
            </param>
          </params>
          <reporter-output>
          </reporter-output>
        </test-method> <!-- Init -->
        <test-method signature="TestLoginWithValidCrdentials()[pri:1, instance:QK1.TestCaseProject.TestCases.ValidLoginCredentialsTestcase@78123e82]" started-at="2021-05-31T10:24:40 IST" name="TestLoginWithValidCrdentials" finished-at="2021-05-31T10:24:48 IST" duration-ms="7937" status="PASS">
          <reporter-output>
          </reporter-output>
        </test-method> <!-- TestLoginWithValidCrdentials -->
      </class> <!-- QK1.TestCaseProject.TestCases.ValidLoginCredentialsTestcase -->
      <class name="QK1.TestCaseProject.TestCases.InvalidLoginTestCases">
        <test-method is-config="true" signature="Init(java.lang.String)[pri:0, instance:QK1.TestCaseProject.TestCases.InvalidLoginTestCases@505fc5a4]" started-at="2021-05-31T10:24:48 IST" name="Init" finished-at="2021-05-31T10:24:54 IST" duration-ms="5967" status="PASS">
          <params>
            <param index="0">
              <value>
                <![CDATA[CHROME]]>
              </value>
            </param>
          </params>
          <reporter-output>
          </reporter-output>
        </test-method> <!-- Init -->
        <test-method signature="TestLoginWithInValidCrdentials(java.lang.String,java.lang.String,java.lang.String)[pri:1, instance:QK1.TestCaseProject.TestCases.InvalidLoginTestCases@505fc5a4]" started-at="2021-05-31T10:24:55 IST" name="TestLoginWithInValidCrdentials" data-provider="ProvideInvalidCredentialsFromExcel" finished-at="2021-05-31T10:24:55 IST" duration-ms="422" status="PASS">
          <params>
            <param index="0">
              <value>
                <![CDATA[Admin]]>
              </value>
            </param>
            <param index="1">
              <value>
                <![CDATA[]]>
              </value>
            </param>
            <param index="2">
              <value>
                <![CDATA[Password cannot be empty]]>
              </value>
            </param>
          </params>
          <reporter-output>
          </reporter-output>
        </test-method> <!-- TestLoginWithInValidCrdentials -->
        <test-method signature="TestLoginWithInValidCrdentials(java.lang.String,java.lang.String,java.lang.String)[pri:1, instance:QK1.TestCaseProject.TestCases.InvalidLoginTestCases@505fc5a4]" started-at="2021-05-31T10:24:55 IST" name="TestLoginWithInValidCrdentials" data-provider="ProvideInvalidCredentialsFromExcel" finished-at="2021-05-31T10:24:56 IST" duration-ms="340" status="PASS">
          <params>
            <param index="0">
              <value>
                <![CDATA[]]>
              </value>
            </param>
            <param index="1">
              <value>
                <![CDATA[admin123]]>
              </value>
            </param>
            <param index="2">
              <value>
                <![CDATA[Username cannot be empty]]>
              </value>
            </param>
          </params>
          <reporter-output>
          </reporter-output>
        </test-method> <!-- TestLoginWithInValidCrdentials -->
        <test-method signature="TestLoginWithInValidCrdentials(java.lang.String,java.lang.String,java.lang.String)[pri:1, instance:QK1.TestCaseProject.TestCases.InvalidLoginTestCases@505fc5a4]" started-at="2021-05-31T10:24:56 IST" name="TestLoginWithInValidCrdentials" data-provider="ProvideInvalidCredentialsFromExcel" finished-at="2021-05-31T10:24:56 IST" duration-ms="270" status="PASS">
          <params>
            <param index="0">
              <value>
                <![CDATA[]]>
              </value>
            </param>
            <param index="1">
              <value>
                <![CDATA[]]>
              </value>
            </param>
            <param index="2">
              <value>
                <![CDATA[Username cannot be empty]]>
              </value>
            </param>
          </params>
          <reporter-output>
          </reporter-output>
        </test-method> <!-- TestLoginWithInValidCrdentials -->
        <test-method signature="TestLoginWithInValidCrdentials(java.lang.String,java.lang.String,java.lang.String)[pri:1, instance:QK1.TestCaseProject.TestCases.InvalidLoginTestCases@505fc5a4]" started-at="2021-05-31T10:24:56 IST" name="TestLoginWithInValidCrdentials" data-provider="ProvideInvalidCredentialsFromExcel" finished-at="2021-05-31T10:24:57 IST" duration-ms="1093" status="PASS">
          <params>
            <param index="0">
              <value>
                <![CDATA[Amit]]>
              </value>
            </param>
            <param index="1">
              <value>
                <![CDATA[Deokar]]>
              </value>
            </param>
            <param index="2">
              <value>
                <![CDATA[Invalid credentials]]>
              </value>
            </param>
          </params>
          <reporter-output>
          </reporter-output>
        </test-method> <!-- TestLoginWithInValidCrdentials -->
      </class> <!-- QK1.TestCaseProject.TestCases.InvalidLoginTestCases -->
    </test> <!-- LoginTestcases -->
  </suite> <!-- DemoTestCase -->
</testng-results>
