<?xml version="1.0" encoding="UTF-8"?>
<!-- Generated by org.testng.reporters.JUnitXMLReporter -->
<testsuite ignored="0" hostname="Amit" failures="0" tests="5" name="LoginTestcases" time="21.768" errors="0" timestamp="2021-06-03T09:50:16 IST">
  <testcase classname="QK1.TestCaseProject.TestCases.ValidLoginCredentialsTestcase" name="TestLoginWithValidCrdentials" time="5.025"/>
  <testcase classname="QK1.TestCaseProject.TestCases.InvalidLoginTestCases" name="TestLoginWithInValidCrdentials" time="0.454"/>
  <testcase classname="QK1.TestCaseProject.TestCases.InvalidLoginTestCases" name="TestLoginWithInValidCrdentials" time="0.233"/>
  <testcase classname="QK1.TestCaseProject.TestCases.InvalidLoginTestCases" name="TestLoginWithInValidCrdentials" time="0.191"/>
  <testcase classname="QK1.TestCaseProject.TestCases.InvalidLoginTestCases" name="TestLoginWithInValidCrdentials" time="1.093"/>
</testsuite> <!-- LoginTestcases -->
