<?xml version="1.0" encoding="UTF-8"?>
<!-- Generated by org.testng.reporters.JUnitXMLReporter -->
<testsuite ignored="0" hostname="Amit" failures="0" tests="5" name="LoginTestcases" time="25.087" errors="0" timestamp="2021-05-31T10:24:57 IST">
  <testcase classname="QK1.TestCaseProject.TestCases.ValidLoginCredentialsTestcase" name="TestLoginWithValidCrdentials" time="7.937"/>
  <testcase classname="QK1.TestCaseProject.TestCases.InvalidLoginTestCases" name="TestLoginWithInValidCrdentials" time="0.422"/>
  <testcase classname="QK1.TestCaseProject.TestCases.InvalidLoginTestCases" name="TestLoginWithInValidCrdentials" time="0.34"/>
  <testcase classname="QK1.TestCaseProject.TestCases.InvalidLoginTestCases" name="TestLoginWithInValidCrdentials" time="0.27"/>
  <testcase classname="QK1.TestCaseProject.TestCases.InvalidLoginTestCases" name="TestLoginWithInValidCrdentials" time="1.093"/>
</testsuite> <!-- LoginTestcases -->
